07-12-2022	14:47:32	1b4f6083-dfd7-4b1b-89d9-ac174292c67c	GET	/user/100	undefined
}07-12-2022	15:03:26	9d20d53c-25b3-4b15-9b50-3de785da492b	GET	/desposition/101	undefined
}07-12-2022	15:03:43	2e974f31-545b-4196-bb3a-c8f62de34c6e	PUT	/desposition/101	undefined
}07-12-2022	15:03:50	942b4e63-51f8-4d8f-b1e4-8202f77a2dab	PUT	/desposition/101	undefined
}07-12-2022	15:04:02	cbd85c74-7c75-440b-96ec-cad9595e4ca6	OPTIONS	/desposition/101	undefined
}07-12-2022	15:17:09	cafa884d-ed86-41ea-b9b8-9ba050b1285e	GET	/	undefined
}07-12-2022	15:17:09	04774e9a-6a05-4084-86cc-1958bef2c311	GET	/favicon.ico	undefined
}07-12-2022	17:25:28	fc598335-7d78-4bd8-8b12-a51cc65eb211	POST	/user/login	undefined
}07-12-2022	17:26:48	d43eb1c9-8e0c-4ff6-8290-441a7f2bee2a	POST	/user/login	undefined
}07-12-2022	17:27:06	96f85297-f478-483e-8452-74804e59bbb2	POST	/user/login	undefined
}07-12-2022	17:27:51	f496189c-dfdb-42ef-a98a-d406886f9502	POST	/user/login	undefined
}07-12-2022	17:28:10	821573d7-dc0f-474e-9b6c-41bbfdf67eaf	POST	/user/login	undefined
}07-12-2022	17:28:38	6ec63815-791d-4c62-84a6-355b20bf0787	POST	/user/login	undefined
}07-12-2022	17:33:32	f33e5420-cdd2-43d5-9eb1-092572d69f4c	POST	/user/login	undefined
}07-12-2022	17:33:42	af7577c3-19ab-4f2e-b1c9-273b5429f5f6	GET	/user/refresh	undefined
}07-12-2022	17:34:42	d51fab2b-f03e-4be3-8d35-971f217e14a7	GET	/user/refresh	undefined
}07-12-2022	17:34:44	b5b4d9fe-2431-485f-8cdd-5ea989c9374f	GET	/user/refresh	undefined
}07-12-2022	17:34:45	e43e45fd-cd64-4d62-add8-599c0cf30fd7	GET	/user/refresh	undefined
}07-12-2022	17:34:50	b893e75a-29ef-49cb-83b1-3157e8222c8e	GET	/user/login	undefined
}07-12-2022	17:35:01	ec0f05da-4326-4550-b1a2-182fcdd91395	POST	/user/login	undefined
}07-12-2022	17:35:29	a7d879e7-4417-48c5-b0c2-995cd79b4831	GET	/user/refresh	undefined
}07-12-2022	17:35:53	767a734a-453b-4517-b85c-6d15f5ba96e0	GET	/user/refresh	undefined
}07-12-2022	17:37:00	23a1f9ce-62e8-407b-89b3-e27a36bce203	GET	/user/refresh	undefined
}07-12-2022	17:37:10	4663e639-28ad-477f-8e2b-8e0676e48ddd	GET	/user/refresh	undefined
}07-12-2022	17:38:34	a87e53b6-fe2e-46cc-9aaf-4de94deeb1ce	GET	/user/refresh	undefined
}07-12-2022	17:39:26	e3801400-4e14-4db0-9364-9dfe74ef0389	GET	/user/refresh	undefined
}07-12-2022	17:45:45	40c52700-50a9-4eb9-b1ee-6f3af748bbda	GET	/user/refresh	undefined
}07-12-2022	17:46:23	cb70a1d4-d8da-4ba1-867f-ed537c892912	GET	/user/refresh	undefined
}07-12-2022	17:46:55	5390a456-7197-429e-b765-70b8b1fa0907	GET	/user/refresh	undefined
}07-12-2022	17:47:58	48ec106f-69ef-421b-a9a3-92a4491af864	GET	/user/refresh	undefined
}07-12-2022	17:49:24	7547c790-ab3e-4e47-92ea-10d09213caff	GET	/user/refresh	undefined
}07-12-2022	17:50:25	f743ac8f-c7c5-49a8-a246-7f38dbe7db03	GET	/user/refresh	undefined
}07-12-2022	17:51:02	45bdd35f-457c-4c7a-a1da-32b59aa00b0e	GET	/user/refresh	undefined
}07-12-2022	17:51:49	499d5709-6e26-442d-bc92-c7c4e1f79285	GET	/user/refresh	undefined
}07-12-2022	17:53:00	e48b3f62-c5ff-4b7d-b1c9-11ee3d250455	POST	/user/logout	undefined
}07-12-2022	17:53:06	1f9c3dcd-9306-4349-a468-cc085bd348b9	POST	/user/login	undefined
}07-12-2022	17:53:31	6c4f43ab-1f56-4740-a1d8-44968a5c6802	GET	/user/refresh	undefined
}07-12-2022	17:54:17	826f0461-a6b4-4baf-b804-a337a7986a8b	POST	/user/admin/create	undefined
}